


ARM Macro Assembler    Page 1 


    1 00000000         ;******************** (C) COPYRIGHT 2016 HOLOCENE ******
                       **************
    2 00000000         ; Amount of memory (in bytes) allocated for Stack
    3 00000000         ; Tailor this value to your application needs
    4 00000000         ; <h> Stack Configuration
    5 00000000         ;   <o> Stack Size (in Bytes) <0x0-0xFFFFFFFF:8>
    6 00000000         ; </h>
    7 00000000         ;//============== 版本 EK V1.0  20190801  ==============
                       //
    8 00000000         
    9 00000000 00002000 
                       Stack_Size
                               EQU              0x00002000
   10 00000000         
   11 00000000                 AREA             STACK, NOINIT, READWRITE, ALIGN
=3
   12 00000000         Stack_Mem
                               SPACE            Stack_Size
   13 00002000         __initial_sp
   14 00002000         
   15 00002000         
   16 00002000         ; <h> Heap Configuration
   17 00002000         ;   <o>  Heap Size (in Bytes) <0x0-0xFFFFFFFF:8>
   18 00002000         ; </h>
   19 00002000         
   20 00002000 00000000 
                       Heap_Size
                               EQU              0x00000000
   21 00002000         
   22 00002000                 AREA             HEAP, NOINIT, READWRITE, ALIGN=
3
   23 00000000         __heap_base
   24 00000000         Heap_Mem
                               SPACE            Heap_Size
   25 00000000         __heap_limit
   26 00000000         
   27 00000000                 PRESERVE8
   28 00000000                 THUMB
   29 00000000         
   30 00000000         
   31 00000000         ; Vector Table Mapped to Address 0 at Reset
   32 00000000                 AREA             RESET, DATA, READONLY
   33 00000000                 EXPORT           __Vectors
   34 00000000                 EXPORT           __Vectors_End
   35 00000000                 EXPORT           __Vectors_Size
   36 00000000         
   37 00000000 00000000 
                       __Vectors
                               DCD              __initial_sp ; Top of Stack
   38 00000004 00000000        DCD              Reset_Handler ; Reset Handler
   39 00000008 00000000        DCD              NMI_Handler ; NMI Handler
   40 0000000C 00000000        DCD              HardFault_Handler ; Hard Fault 
                                                            Handler
   41 00000010 00000000        DCD              MemManage_Handler 
                                                            ; MPU Fault Handler
                                                            
   42 00000014 00000000        DCD              BusFault_Handler 
                                                            ; Bus Fault Handler
                                                            



ARM Macro Assembler    Page 2 


   43 00000018 00000000        DCD              UsageFault_Handler ; Usage Faul
                                                            t Handler
   44 0000001C 00000000        DCD              0           ; Reserved
   45 00000020 00000000        DCD              0           ; Reserved
   46 00000024 00000000        DCD              0           ; Reserved
   47 00000028 00000000        DCD              0           ; Reserved
   48 0000002C 00000000        DCD              SVC_Handler ; SVCall Handler
   49 00000030 00000000        DCD              DebugMon_Handler ; Debug Monito
                                                            r Handler
   50 00000034 00000000        DCD              0           ; Reserved
   51 00000038 00000000        DCD              PendSV_Handler ; PendSV Handler
                                                            
   52 0000003C 00000000        DCD              SysTick_Handler 
                                                            ; SysTick Handler
   53 00000040         
   54 00000040         ; External Interrupts
   55 00000040 00000000        DCD              WWDG_IRQHandler ;WWDG     
   56 00000044 00000000        DCD              0           ; 
   57 00000048 00000000        DCD              TAMPER_IRQHandler ;TAMPER     
   58 0000004C 00000000        DCD              RTC_IRQHandler ;RTC     
   59 00000050 00000000        DCD              0           ; 
   60 00000054 00000000        DCD              RCC_IRQHandler ;RCC     
   61 00000058 00000000        DCD              EXTI0_IRQHandler ;EXTI0     
   62 0000005C 00000000        DCD              EXTI1_IRQHandler ;EXTI1     
   63 00000060 00000000        DCD              EXTI2_IRQHandler ;EXTI2     
   64 00000064 00000000        DCD              EXTI3_IRQHandler ;EXTI3     
   65 00000068 00000000        DCD              EXTI4_IRQHandler ;EXTI4    
   66 0000006C 00000000        DCD              DMA1_Channel1_IRQHandler 
                                                            ;DMA1 Channel 1    
                                                            
   67 00000070 00000000        DCD              DMA1_Channel2_IRQHandler ;DMA1 
                                                            Channel 2     
   68 00000074 00000000        DCD              DMA1_Channel3_IRQHandler ;DMA1 
                                                            Channel 3     
   69 00000078 00000000        DCD              DMA1_Channel4_IRQHandler ;DMA1 
                                                            Channel 4     
   70 0000007C 00000000        DCD              DMA1_Channel5_IRQHandler ;DMA1 
                                                            Channel 5     
   71 00000080 00000000        DCD              DMA1_Channel6_IRQHandler 
                                                            ;DMA1 Channel 6    
                                                            
   72 00000084 00000000        DCD              DMA1_Channel7_IRQHandler 
                                                            ;DMA1 Channel 7    
                                                            
   73 00000088 00000000        DCD              ADC1_IRQHandler ;ADC1    
   74 0000008C 00000000        DCD              CAN1_IRQHandler ;CAN1    
   75 00000090 00000000        DCD              0           ;    
   76 00000094 00000000        DCD              0           ;
   77 00000098 00000000        DCD              0           ;    
   78 0000009C 00000000        DCD              EXTI9_5_IRQHandler ;EXTI9_5    
                                                            
   79 000000A0 00000000        DCD              TIM1_BRK_IRQHandler 
                                                            ;TIM1_BRK    
   80 000000A4 00000000        DCD              TIM1_UP_IRQHandler ;TIM1_UP   
   81 000000A8 00000000        DCD              TIM1_TRG_COM_IRQHandler 
                                                            ;TIM1_TRG_COM    
   82 000000AC 00000000        DCD              TIM1_CC_IRQHandler 
                                                            ;TIM1_CC      
   83 000000B0 00000000        DCD              TIM3_IRQHandler ;TIM3   



ARM Macro Assembler    Page 3 


   84 000000B4 00000000        DCD              TIM4_IRQHandler ;TIM4    
   85 000000B8 00000000        DCD              TIM5_IRQHandler ;TIM5    
   86 000000BC 00000000        DCD              TIM6_IRQHandler ;TIM6    
   87 000000C0 00000000        DCD              TIM7_IRQHandler ;TIM7      
   88 000000C4 00000000        DCD              I2C1_IRQHandler ;I2C1   
   89 000000C8 00000000        DCD              I2C2_IRQHandler ;I2C2      
   90 000000CC 00000000        DCD              SPI1_IRQHandler ;SPI1    
   91 000000D0 00000000        DCD              SPI2_IRQHandler ;SPI2    
   92 000000D4 00000000        DCD              UART1_IRQHandler ;UART1   
   93 000000D8 00000000        DCD              UART2_IRQHandler ;UART2    
   94 000000DC 00000000        DCD              UART3_IRQHandler ;UART3    
   95 000000E0 00000000        DCD              EXTI15_10_IRQHandler 
                                                            ;EXTI15_10   
   96 000000E4 00000000        DCD              RTCAlarm_IRQHandler 
                                                            ;RTC_ALARM    
   97 000000E8 00000000        DCD              USBAwake_IRQHandler 
                                                            ;USBAwake   
   98 000000EC 00000000        DCD              TIM2_BRK_IRQHandler 
                                                            ;TIM2_BRK    
   99 000000F0 00000000        DCD              TIM2_UP_IRQHandler ;TIM2_UP    
                                                            
  100 000000F4 00000000        DCD              TIM2_TRG_COM_IRQHandler 
                                                            ;TIM2_TRG_COM   
  101 000000F8 00000000        DCD              TIM2_CC_IRQHandler ;TIM2_CC   
  102 000000FC 00000000        DCD              DMA1_Channel8_IRQHandler 
                                                            ;DMA1    
  103 00000100 00000000        DCD              TK80_IRQHandler ;TK80       
  104 00000104 00000000        DCD              SDIO1_IRQHandler ;SDIO1    
  105 00000108 00000000        DCD              SDIO2_IRQHandler ;SDIO2   
  106 0000010C 00000000        DCD              SPI3_IRQHandler ;SPI3   
  107 00000110 00000000        DCD              UART4_IRQHandler ;UART4   
  108 00000114 00000000        DCD              UART5_IRQHandler ;UART5
  109 00000118 00000000        DCD              0           ;
  110 0000011C 00000000        DCD              TIM8_IRQHandler ;TIM8   
  111 00000120 00000000        DCD              DMA2_Channel1_IRQHandler 
                                                            ;DMA2 Channel 1    
                                                            
  112 00000124 00000000        DCD              DMA2_Channel2_IRQHandler ;DMA2 
                                                            Channel 2     
  113 00000128 00000000        DCD              DMA2_Channel3_IRQHandler ;DMA2 
                                                            Channel 3     
  114 0000012C 00000000        DCD              DMA2_Channel4_IRQHandler 
                                                            ;DMA2 Channel 4    
                                                            
  115 00000130 00000000        DCD              DMA2_Channel5_IRQHandler 
                                                            ;DMA2 Channel 5    
                                                            
  116 00000134 00000000        DCD              TIM9_IRQHandler ;TIM9    
  117 00000138 00000000        DCD              TIM10_IRQHandler ;TIM10    
  118 0000013C 00000000        DCD              CAN2_IRQHandler ;CAN2 
  119 00000140 00000000        DCD              0           ;
  120 00000144 00000000        DCD              0           ;
  121 00000148 00000000        DCD              0           ;
  122 0000014C 00000000        DCD              USB_IRQHandler ;USB    
  123 00000150 00000000        DCD              DMA2_Channel6_IRQHandler 
                                                            ;DMA2 Channel 6    
                                                            
  124 00000154 00000000        DCD              DMA2_Channel7_IRQHandler 
                                                            ;DMA2 Channel 7    



ARM Macro Assembler    Page 4 


                                                            
  125 00000158 00000000        DCD              DMA2_Channel8_IRQHandler 
                                                            ;DMA2 Channel 8
  126 0000015C 00000000        DCD              0           ;
  127 00000160 00000000        DCD              I2C3_IRQHandler ;I2C3    
  128 00000164 00000000        DCD              I2C4_IRQHandler ;I2C4
  129 00000168 00000000        DCD              0           ;
  130 0000016C 00000000        DCD              0           ;
  131 00000170 00000000        DCD              0           ;
  132 00000174 00000000        DCD              0           ;
  133 00000178 00000000        DCD              0           ;
  134 0000017C 00000000        DCD              0           ;
  135 00000180 00000000        DCD              0           ;
  136 00000184 00000000        DCD              FPU_IRQHandler ;FPU 
  137 00000188 00000000        DCD              0           ;
  138 0000018C 00000000        DCD              0           ;
  139 00000190 00000000        DCD              SPI4_IRQHandler ;SPI4
  140 00000194 00000000        DCD              0           ;
  141 00000198 00000000        DCD              TOUCHPAD_IRQHandler ;TCHPAD
  142 0000019C 00000000        DCD              QSPI_IRQHandler ;QSPI    
  143 000001A0 00000000        DCD              LTDC_IRQHandler ;LCD-TFT 
  144 000001A4 00000000        DCD              0           ;
  145 000001A8 00000000        DCD              I2S1_IRQHandler ;I2S1   
  146 000001AC         __Vectors_End
  147 000001AC         
  148 000001AC 000001AC 
                       __Vectors_Size
                               EQU              __Vectors_End - __Vectors
  149 000001AC         
  150 000001AC                 AREA             |.text|, CODE, READONLY
  151 00000000         
  152 00000000         ; Reset handler
  153 00000000         Reset_Handler
                               PROC
  154 00000000                 EXPORT           Reset_Handler             [WEAK
]
  155 00000000                 IMPORT           __main
  156 00000000 480B            LDR              R0, =0xE000ED88 ; 使能浮点运算 
                                                            CP10,CP11
  157 00000002 6801            LDR              R1,[R0]
  158 00000004 F441 0170       ORR              R1,R1,#(0xF << 20)
  159 00000008 6001            STR              R1,[R0]
  160 0000000A         ;IMPORT  SystemInit
  161 0000000A         ; LDR     R0, =SystemInit
  162 0000000A         ;BLX     R0
  163 0000000A         
  164 0000000A 480A            LDR              R0, =__main
  165 0000000C 4700            BX               R0
  166 0000000E                 ENDP
  167 0000000E         
  168 0000000E         ; Dummy Exception Handlers (infinite loops which can be 
                       modified)
  169 0000000E         
  170 0000000E         NMI_Handler
                               PROC
  171 0000000E                 EXPORT           NMI_Handler                [WEA
K]
  172 0000000E E7FE            B                .
  173 00000010                 ENDP



ARM Macro Assembler    Page 5 


  175 00000010         HardFault_Handler
                               PROC
  176 00000010                 EXPORT           HardFault_Handler          [WEA
K]
  177 00000010 E7FE            B                .
  178 00000012                 ENDP
  180 00000012         MemManage_Handler
                               PROC
  181 00000012                 EXPORT           MemManage_Handler          [WEA
K]
  182 00000012 E7FE            B                .
  183 00000014                 ENDP
  185 00000014         BusFault_Handler
                               PROC
  186 00000014                 EXPORT           BusFault_Handler           [WEA
K]
  187 00000014 E7FE            B                .
  188 00000016                 ENDP
  190 00000016         UsageFault_Handler
                               PROC
  191 00000016                 EXPORT           UsageFault_Handler         [WEA
K]
  192 00000016 E7FE            B                .
  193 00000018                 ENDP
  194 00000018         SVC_Handler
                               PROC
  195 00000018                 EXPORT           SVC_Handler                [WEA
K]
  196 00000018 E7FE            B                .
  197 0000001A                 ENDP
  199 0000001A         DebugMon_Handler
                               PROC
  200 0000001A                 EXPORT           DebugMon_Handler           [WEA
K]
  201 0000001A E7FE            B                .
  202 0000001C                 ENDP
  203 0000001C         PendSV_Handler
                               PROC
  204 0000001C                 EXPORT           PendSV_Handler             [WEA
K]
  205 0000001C E7FE            B                .
  206 0000001E                 ENDP
  207 0000001E         SysTick_Handler
                               PROC
  208 0000001E                 EXPORT           SysTick_Handler            [WEA
K]
  209 0000001E E7FE            B                .
  210 00000020                 ENDP
  211 00000020         
  212 00000020         Default_Handler
                               PROC
  213 00000020         
  214 00000020                 EXPORT           WWDG_IRQHandler                
   [WEAK]
  215 00000020                 EXPORT           TAMPER_IRQHandler              
   [WEAK]
  216 00000020                 EXPORT           RTC_IRQHandler                 
   [WEAK]
  217 00000020                 EXPORT           RCC_IRQHandler                 



ARM Macro Assembler    Page 6 


   [WEAK]
  218 00000020                 EXPORT           EXTI0_IRQHandler               
   [WEAK]
  219 00000020                 EXPORT           EXTI1_IRQHandler               
   [WEAK]
  220 00000020                 EXPORT           EXTI2_IRQHandler               
   [WEAK]
  221 00000020                 EXPORT           EXTI3_IRQHandler               
   [WEAK]
  222 00000020                 EXPORT           EXTI4_IRQHandler               
   [WEAK]
  223 00000020                 EXPORT           DMA1_Channel1_IRQHandler       
   [WEAK]
  224 00000020                 EXPORT           DMA1_Channel2_IRQHandler       
   [WEAK]
  225 00000020                 EXPORT           DMA1_Channel3_IRQHandler       
   [WEAK]
  226 00000020                 EXPORT           DMA1_Channel4_IRQHandler       
   [WEAK]
  227 00000020                 EXPORT           DMA1_Channel5_IRQHandler       
   [WEAK]
  228 00000020                 EXPORT           DMA1_Channel6_IRQHandler       
   [WEAK]
  229 00000020                 EXPORT           DMA1_Channel7_IRQHandler       
   [WEAK]
  230 00000020                 EXPORT           ADC1_IRQHandler                
   [WEAK]
  231 00000020                 EXPORT           CAN1_IRQHandler                
  [WEAK]
  232 00000020                 EXPORT           EXTI9_5_IRQHandler             
  [WEAK]
  233 00000020                 EXPORT           TIM1_BRK_IRQHandler            
  [WEAK]
  234 00000020                 EXPORT           TIM1_UP_IRQHandler             
  [WEAK]
  235 00000020                 EXPORT           TIM1_TRG_COM_IRQHandler        
  [WEAK]
  236 00000020                 EXPORT           TIM1_CC_IRQHandler             
  [WEAK]
  237 00000020                 EXPORT           TIM3_IRQHandler                
  [WEAK]
  238 00000020                 EXPORT           TIM4_IRQHandler                
  [WEAK]
  239 00000020                 EXPORT           TIM5_IRQHandler                
  [WEAK]
  240 00000020                 EXPORT           TIM6_IRQHandler                
  [WEAK]
  241 00000020                 EXPORT           TIM7_IRQHandler                
  [WEAK]
  242 00000020                 EXPORT           I2C1_IRQHandler                
  [WEAK]
  243 00000020                 EXPORT           I2C2_IRQHandler                
  [WEAK]
  244 00000020                 EXPORT           SPI1_IRQHandler                
  [WEAK]
  245 00000020                 EXPORT           SPI2_IRQHandler                
  [WEAK]
  246 00000020                 EXPORT           UART1_IRQHandler               
  [WEAK]



ARM Macro Assembler    Page 7 


  247 00000020                 EXPORT           UART2_IRQHandler               
  [WEAK]
  248 00000020                 EXPORT           UART3_IRQHandler               
  [WEAK]
  249 00000020                 EXPORT           EXTI15_10_IRQHandler           
  [WEAK]
  250 00000020                 EXPORT           RTCAlarm_IRQHandler            
  [WEAK]
  251 00000020                 EXPORT           USBAwake_IRQHandler            
  [WEAK]
  252 00000020                 EXPORT           TIM2_BRK_IRQHandler            
  [WEAK]
  253 00000020                 EXPORT           TIM2_UP_IRQHandler             
  [WEAK]
  254 00000020                 EXPORT           TIM2_TRG_COM_IRQHandler        
  [WEAK]
  255 00000020                 EXPORT           TIM2_CC_IRQHandler             
  [WEAK]
  256 00000020                 EXPORT           DMA1_Channel8_IRQHandler       
  [WEAK]
  257 00000020                 EXPORT           TK80_IRQHandler                
  [WEAK]
  258 00000020                 EXPORT           SDIO1_IRQHandler               
  [WEAK]
  259 00000020                 EXPORT           SDIO2_IRQHandler               
  [WEAK]
  260 00000020                 EXPORT           SPI3_IRQHandler                
  [WEAK]
  261 00000020                 EXPORT           UART4_IRQHandler               
  [WEAK]
  262 00000020                 EXPORT           UART5_IRQHandler               
  [WEAK]
  263 00000020                 EXPORT           TIM8_IRQHandler                
   [WEAK]
  264 00000020                 EXPORT           DMA2_Channel1_IRQHandler       
   [WEAK]
  265 00000020                 EXPORT           DMA2_Channel2_IRQHandler       
   [WEAK]
  266 00000020                 EXPORT           DMA2_Channel3_IRQHandler       
   [WEAK]
  267 00000020                 EXPORT           DMA2_Channel4_IRQHandler       
   [WEAK]
  268 00000020                 EXPORT           DMA2_Channel5_IRQHandler       
   [WEAK]
  269 00000020                 EXPORT           TIM9_IRQHandler                
   [WEAK]
  270 00000020                 EXPORT           TIM10_IRQHandler               
   [WEAK]
  271 00000020                 EXPORT           CAN2_IRQHandler                
   [WEAK]
  272 00000020                 EXPORT           USB_IRQHandler                 
  [WEAK]
  273 00000020                 EXPORT           DMA2_Channel6_IRQHandler       
  [WEAK]
  274 00000020                 EXPORT           DMA2_Channel7_IRQHandler       
  [WEAK]
  275 00000020                 EXPORT           DMA2_Channel8_IRQHandler       
  [WEAK]
  276 00000020                 EXPORT           I2C3_IRQHandler                



ARM Macro Assembler    Page 8 


   [WEAK]
  277 00000020                 EXPORT           I2C4_IRQHandler                
   [WEAK]
  278 00000020                 EXPORT           TOUCHPAD_IRQHandler            
        [WEAK]
  279 00000020                 EXPORT           SPI4_IRQHandler                
   [WEAK]
  280 00000020                 EXPORT           QSPI_IRQHandler                
  [WEAK]
  281 00000020                 EXPORT           LTDC_IRQHandler                
[WEAK]
  282 00000020                 EXPORT           I2S1_IRQHandler                
  [WEAK]
  283 00000020         
  284 00000020         WWDG_IRQHandler
  285 00000020         TAMPER_IRQHandler
  286 00000020         RTC_IRQHandler
  287 00000020         RCC_IRQHandler
  288 00000020         EXTI0_IRQHandler
  289 00000020         EXTI1_IRQHandler
  290 00000020         EXTI2_IRQHandler
  291 00000020         EXTI3_IRQHandler
  292 00000020         EXTI4_IRQHandler
  293 00000020         DMA1_Channel1_IRQHandler
  294 00000020         DMA1_Channel2_IRQHandler
  295 00000020         DMA1_Channel3_IRQHandler
  296 00000020         DMA1_Channel4_IRQHandler
  297 00000020         DMA1_Channel5_IRQHandler
  298 00000020         DMA1_Channel6_IRQHandler
  299 00000020         DMA1_Channel7_IRQHandler
  300 00000020         ADC1_IRQHandler
  301 00000020         CAN1_IRQHandler
  302 00000020         EXTI9_5_IRQHandler
  303 00000020         TIM1_BRK_IRQHandler
  304 00000020         TIM1_UP_IRQHandler
  305 00000020         TIM1_TRG_COM_IRQHandler
  306 00000020         TIM1_CC_IRQHandler
  307 00000020         TIM3_IRQHandler
  308 00000020         TIM4_IRQHandler
  309 00000020         TIM5_IRQHandler
  310 00000020         TIM6_IRQHandler
  311 00000020         TIM7_IRQHandler
  312 00000020         I2C1_IRQHandler
  313 00000020         I2C2_IRQHandler
  314 00000020         SPI1_IRQHandler
  315 00000020         SPI2_IRQHandler
  316 00000020         UART1_IRQHandler
  317 00000020         UART2_IRQHandler
  318 00000020         UART3_IRQHandler
  319 00000020         EXTI15_10_IRQHandler
  320 00000020         RTCAlarm_IRQHandler
  321 00000020         USBAwake_IRQHandler
  322 00000020         TIM2_BRK_IRQHandler
  323 00000020         TIM2_UP_IRQHandler
  324 00000020         TIM2_TRG_COM_IRQHandler
  325 00000020         TIM2_CC_IRQHandler
  326 00000020         DMA1_Channel8_IRQHandler
  327 00000020         TK80_IRQHandler
  328 00000020         SDIO1_IRQHandler



ARM Macro Assembler    Page 9 


  329 00000020         SDIO2_IRQHandler
  330 00000020         SPI3_IRQHandler
  331 00000020         UART4_IRQHandler
  332 00000020         UART5_IRQHandler
  333 00000020         TIM8_IRQHandler
  334 00000020         DMA2_Channel1_IRQHandler
  335 00000020         DMA2_Channel2_IRQHandler
  336 00000020         DMA2_Channel3_IRQHandler
  337 00000020         DMA2_Channel4_IRQHandler
  338 00000020         DMA2_Channel5_IRQHandler
  339 00000020         TIM9_IRQHandler
  340 00000020         TIM10_IRQHandler
  341 00000020         CAN2_IRQHandler
  342 00000020         USB_IRQHandler
  343 00000020         DMA2_Channel6_IRQHandler
  344 00000020         DMA2_Channel7_IRQHandler
  345 00000020         DMA2_Channel8_IRQHandler
  346 00000020         I2C3_IRQHandler
  347 00000020         I2C4_IRQHandler
  348 00000020         FPU_IRQHandler
  349 00000020         SPI4_IRQHandler
  350 00000020         QSPI_IRQHandler
  351 00000020         TOUCHPAD_IRQHandler
  352 00000020         LTDC_IRQHandler
  353 00000020         I2S1_IRQHandler
  354 00000020         
  355 00000020 E7FE            B                .
  356 00000022         
  357 00000022                 ENDP
  358 00000022         
  359 00000022 00 00           ALIGN
  360 00000024         
  361 00000024         ;*******************************************************
                       ************************
  362 00000024         ; User Stack and Heap initialization
  363 00000024         ;*******************************************************
                       ************************
  364 00000024                 IF               :DEF:__MICROLIB
  371 00000024         
  372 00000024                 IMPORT           __use_two_region_memory
  373 00000024                 EXPORT           __user_initial_stackheap
  374 00000024         
  375 00000024         __user_initial_stackheap
  376 00000024         
  377 00000024 4804            LDR              R0, =  Heap_Mem
  378 00000026 4905            LDR              R1, =(Stack_Mem + Stack_Size)
  379 00000028 4A03            LDR              R2, = (Heap_Mem +  Heap_Size)
  380 0000002A 4B05            LDR              R3, = Stack_Mem
  381 0000002C 4770            BX               LR
  382 0000002E         
  383 0000002E 00 00           ALIGN
  384 00000030         
  385 00000030                 ENDIF
  386 00000030         
  387 00000030                 END
              E000ED88 
              00000000 
              00000000 
              00002000 



ARM Macro Assembler    Page 10 


              00000000 
Command Line: --debug --xref --diag_suppress=9931 --cpu=Cortex-M4.fp.sp --apcs=
interwork --depend=.\obj\startup_tk499.d -o.\obj\startup_tk499.o -I.\RTE\_TK499
_LTDC -IC:\Users\danny\AppData\Local\Arm\Packs\ARM\CMSIS\5.6.0\Device\ARM\ARMCM
4\Include -IC:\Keil_v5\ARM\CMSIS\Include --predefine="__UVISION_VERSION SETA 52
9" --predefine="ARMCM4_FP SETA 1" --list=.\obj\startup_tk499.lst ..\CMSIS_and_s
tartup\startup_Tk499.s



ARM Macro Assembler    Page 1 Alphabetic symbol ordering
Relocatable symbols

STACK 00000000

Symbol: STACK
   Definitions
      At line 11 in file ..\CMSIS_and_startup\startup_Tk499.s
   Uses
      None
Comment: STACK unused
Stack_Mem 00000000

Symbol: Stack_Mem
   Definitions
      At line 12 in file ..\CMSIS_and_startup\startup_Tk499.s
   Uses
      At line 378 in file ..\CMSIS_and_startup\startup_Tk499.s
      At line 380 in file ..\CMSIS_and_startup\startup_Tk499.s

__initial_sp 00002000

Symbol: __initial_sp
   Definitions
      At line 13 in file ..\CMSIS_and_startup\startup_Tk499.s
   Uses
      At line 37 in file ..\CMSIS_and_startup\startup_Tk499.s
Comment: __initial_sp used once
3 symbols



ARM Macro Assembler    Page 1 Alphabetic symbol ordering
Relocatable symbols

HEAP 00000000

Symbol: HEAP
   Definitions
      At line 22 in file ..\CMSIS_and_startup\startup_Tk499.s
   Uses
      None
Comment: HEAP unused
Heap_Mem 00000000

Symbol: Heap_Mem
   Definitions
      At line 24 in file ..\CMSIS_and_startup\startup_Tk499.s
   Uses
      At line 377 in file ..\CMSIS_and_startup\startup_Tk499.s
      At line 379 in file ..\CMSIS_and_startup\startup_Tk499.s

__heap_base 00000000

Symbol: __heap_base
   Definitions
      At line 23 in file ..\CMSIS_and_startup\startup_Tk499.s
   Uses
      None
Comment: __heap_base unused
__heap_limit 00000000

Symbol: __heap_limit
   Definitions
      At line 25 in file ..\CMSIS_and_startup\startup_Tk499.s
   Uses
      None
Comment: __heap_limit unused
4 symbols



ARM Macro Assembler    Page 1 Alphabetic symbol ordering
Relocatable symbols

RESET 00000000

Symbol: RESET
   Definitions
      At line 32 in file ..\CMSIS_and_startup\startup_Tk499.s
   Uses
      None
Comment: RESET unused
__Vectors 00000000

Symbol: __Vectors
   Definitions
      At line 37 in file ..\CMSIS_and_startup\startup_Tk499.s
   Uses
      At line 33 in file ..\CMSIS_and_startup\startup_Tk499.s
      At line 148 in file ..\CMSIS_and_startup\startup_Tk499.s

__Vectors_End 000001AC

Symbol: __Vectors_End
   Definitions
      At line 146 in file ..\CMSIS_and_startup\startup_Tk499.s
   Uses
      At line 34 in file ..\CMSIS_and_startup\startup_Tk499.s
      At line 148 in file ..\CMSIS_and_startup\startup_Tk499.s

3 symbols



ARM Macro Assembler    Page 1 Alphabetic symbol ordering
Relocatable symbols

.text 00000000

Symbol: .text
   Definitions
      At line 150 in file ..\CMSIS_and_startup\startup_Tk499.s
   Uses
      None
Comment: .text unused
ADC1_IRQHandler 00000020

Symbol: ADC1_IRQHandler
   Definitions
      At line 300 in file ..\CMSIS_and_startup\startup_Tk499.s
   Uses
      At line 73 in file ..\CMSIS_and_startup\startup_Tk499.s
      At line 230 in file ..\CMSIS_and_startup\startup_Tk499.s

BusFault_Handler 00000014

Symbol: BusFault_Handler
   Definitions
      At line 185 in file ..\CMSIS_and_startup\startup_Tk499.s
   Uses
      At line 42 in file ..\CMSIS_and_startup\startup_Tk499.s
      At line 186 in file ..\CMSIS_and_startup\startup_Tk499.s

CAN1_IRQHandler 00000020

Symbol: CAN1_IRQHandler
   Definitions
      At line 301 in file ..\CMSIS_and_startup\startup_Tk499.s
   Uses
      At line 74 in file ..\CMSIS_and_startup\startup_Tk499.s
      At line 231 in file ..\CMSIS_and_startup\startup_Tk499.s

CAN2_IRQHandler 00000020

Symbol: CAN2_IRQHandler
   Definitions
      At line 341 in file ..\CMSIS_and_startup\startup_Tk499.s
   Uses
      At line 118 in file ..\CMSIS_and_startup\startup_Tk499.s
      At line 271 in file ..\CMSIS_and_startup\startup_Tk499.s

DMA1_Channel1_IRQHandler 00000020

Symbol: DMA1_Channel1_IRQHandler
   Definitions
      At line 293 in file ..\CMSIS_and_startup\startup_Tk499.s
   Uses
      At line 66 in file ..\CMSIS_and_startup\startup_Tk499.s
      At line 223 in file ..\CMSIS_and_startup\startup_Tk499.s

DMA1_Channel2_IRQHandler 00000020

Symbol: DMA1_Channel2_IRQHandler
   Definitions
      At line 294 in file ..\CMSIS_and_startup\startup_Tk499.s
   Uses



ARM Macro Assembler    Page 2 Alphabetic symbol ordering
Relocatable symbols

      At line 67 in file ..\CMSIS_and_startup\startup_Tk499.s
      At line 224 in file ..\CMSIS_and_startup\startup_Tk499.s

DMA1_Channel3_IRQHandler 00000020

Symbol: DMA1_Channel3_IRQHandler
   Definitions
      At line 295 in file ..\CMSIS_and_startup\startup_Tk499.s
   Uses
      At line 68 in file ..\CMSIS_and_startup\startup_Tk499.s
      At line 225 in file ..\CMSIS_and_startup\startup_Tk499.s

DMA1_Channel4_IRQHandler 00000020

Symbol: DMA1_Channel4_IRQHandler
   Definitions
      At line 296 in file ..\CMSIS_and_startup\startup_Tk499.s
   Uses
      At line 69 in file ..\CMSIS_and_startup\startup_Tk499.s
      At line 226 in file ..\CMSIS_and_startup\startup_Tk499.s

DMA1_Channel5_IRQHandler 00000020

Symbol: DMA1_Channel5_IRQHandler
   Definitions
      At line 297 in file ..\CMSIS_and_startup\startup_Tk499.s
   Uses
      At line 70 in file ..\CMSIS_and_startup\startup_Tk499.s
      At line 227 in file ..\CMSIS_and_startup\startup_Tk499.s

DMA1_Channel6_IRQHandler 00000020

Symbol: DMA1_Channel6_IRQHandler
   Definitions
      At line 298 in file ..\CMSIS_and_startup\startup_Tk499.s
   Uses
      At line 71 in file ..\CMSIS_and_startup\startup_Tk499.s
      At line 228 in file ..\CMSIS_and_startup\startup_Tk499.s

DMA1_Channel7_IRQHandler 00000020

Symbol: DMA1_Channel7_IRQHandler
   Definitions
      At line 299 in file ..\CMSIS_and_startup\startup_Tk499.s
   Uses
      At line 72 in file ..\CMSIS_and_startup\startup_Tk499.s
      At line 229 in file ..\CMSIS_and_startup\startup_Tk499.s

DMA1_Channel8_IRQHandler 00000020

Symbol: DMA1_Channel8_IRQHandler
   Definitions
      At line 326 in file ..\CMSIS_and_startup\startup_Tk499.s
   Uses
      At line 102 in file ..\CMSIS_and_startup\startup_Tk499.s
      At line 256 in file ..\CMSIS_and_startup\startup_Tk499.s

DMA2_Channel1_IRQHandler 00000020




ARM Macro Assembler    Page 3 Alphabetic symbol ordering
Relocatable symbols

Symbol: DMA2_Channel1_IRQHandler
   Definitions
      At line 334 in file ..\CMSIS_and_startup\startup_Tk499.s
   Uses
      At line 111 in file ..\CMSIS_and_startup\startup_Tk499.s
      At line 264 in file ..\CMSIS_and_startup\startup_Tk499.s

DMA2_Channel2_IRQHandler 00000020

Symbol: DMA2_Channel2_IRQHandler
   Definitions
      At line 335 in file ..\CMSIS_and_startup\startup_Tk499.s
   Uses
      At line 112 in file ..\CMSIS_and_startup\startup_Tk499.s
      At line 265 in file ..\CMSIS_and_startup\startup_Tk499.s

DMA2_Channel3_IRQHandler 00000020

Symbol: DMA2_Channel3_IRQHandler
   Definitions
      At line 336 in file ..\CMSIS_and_startup\startup_Tk499.s
   Uses
      At line 113 in file ..\CMSIS_and_startup\startup_Tk499.s
      At line 266 in file ..\CMSIS_and_startup\startup_Tk499.s

DMA2_Channel4_IRQHandler 00000020

Symbol: DMA2_Channel4_IRQHandler
   Definitions
      At line 337 in file ..\CMSIS_and_startup\startup_Tk499.s
   Uses
      At line 114 in file ..\CMSIS_and_startup\startup_Tk499.s
      At line 267 in file ..\CMSIS_and_startup\startup_Tk499.s

DMA2_Channel5_IRQHandler 00000020

Symbol: DMA2_Channel5_IRQHandler
   Definitions
      At line 338 in file ..\CMSIS_and_startup\startup_Tk499.s
   Uses
      At line 115 in file ..\CMSIS_and_startup\startup_Tk499.s
      At line 268 in file ..\CMSIS_and_startup\startup_Tk499.s

DMA2_Channel6_IRQHandler 00000020

Symbol: DMA2_Channel6_IRQHandler
   Definitions
      At line 343 in file ..\CMSIS_and_startup\startup_Tk499.s
   Uses
      At line 123 in file ..\CMSIS_and_startup\startup_Tk499.s
      At line 273 in file ..\CMSIS_and_startup\startup_Tk499.s

DMA2_Channel7_IRQHandler 00000020

Symbol: DMA2_Channel7_IRQHandler
   Definitions
      At line 344 in file ..\CMSIS_and_startup\startup_Tk499.s
   Uses
      At line 124 in file ..\CMSIS_and_startup\startup_Tk499.s



ARM Macro Assembler    Page 4 Alphabetic symbol ordering
Relocatable symbols

      At line 274 in file ..\CMSIS_and_startup\startup_Tk499.s

DMA2_Channel8_IRQHandler 00000020

Symbol: DMA2_Channel8_IRQHandler
   Definitions
      At line 345 in file ..\CMSIS_and_startup\startup_Tk499.s
   Uses
      At line 125 in file ..\CMSIS_and_startup\startup_Tk499.s
      At line 275 in file ..\CMSIS_and_startup\startup_Tk499.s

DebugMon_Handler 0000001A

Symbol: DebugMon_Handler
   Definitions
      At line 199 in file ..\CMSIS_and_startup\startup_Tk499.s
   Uses
      At line 49 in file ..\CMSIS_and_startup\startup_Tk499.s
      At line 200 in file ..\CMSIS_and_startup\startup_Tk499.s

Default_Handler 00000020

Symbol: Default_Handler
   Definitions
      At line 212 in file ..\CMSIS_and_startup\startup_Tk499.s
   Uses
      None
Comment: Default_Handler unused
EXTI0_IRQHandler 00000020

Symbol: EXTI0_IRQHandler
   Definitions
      At line 288 in file ..\CMSIS_and_startup\startup_Tk499.s
   Uses
      At line 61 in file ..\CMSIS_and_startup\startup_Tk499.s
      At line 218 in file ..\CMSIS_and_startup\startup_Tk499.s

EXTI15_10_IRQHandler 00000020

Symbol: EXTI15_10_IRQHandler
   Definitions
      At line 319 in file ..\CMSIS_and_startup\startup_Tk499.s
   Uses
      At line 95 in file ..\CMSIS_and_startup\startup_Tk499.s
      At line 249 in file ..\CMSIS_and_startup\startup_Tk499.s

EXTI1_IRQHandler 00000020

Symbol: EXTI1_IRQHandler
   Definitions
      At line 289 in file ..\CMSIS_and_startup\startup_Tk499.s
   Uses
      At line 62 in file ..\CMSIS_and_startup\startup_Tk499.s
      At line 219 in file ..\CMSIS_and_startup\startup_Tk499.s

EXTI2_IRQHandler 00000020

Symbol: EXTI2_IRQHandler
   Definitions



ARM Macro Assembler    Page 5 Alphabetic symbol ordering
Relocatable symbols

      At line 290 in file ..\CMSIS_and_startup\startup_Tk499.s
   Uses
      At line 63 in file ..\CMSIS_and_startup\startup_Tk499.s
      At line 220 in file ..\CMSIS_and_startup\startup_Tk499.s

EXTI3_IRQHandler 00000020

Symbol: EXTI3_IRQHandler
   Definitions
      At line 291 in file ..\CMSIS_and_startup\startup_Tk499.s
   Uses
      At line 64 in file ..\CMSIS_and_startup\startup_Tk499.s
      At line 221 in file ..\CMSIS_and_startup\startup_Tk499.s

EXTI4_IRQHandler 00000020

Symbol: EXTI4_IRQHandler
   Definitions
      At line 292 in file ..\CMSIS_and_startup\startup_Tk499.s
   Uses
      At line 65 in file ..\CMSIS_and_startup\startup_Tk499.s
      At line 222 in file ..\CMSIS_and_startup\startup_Tk499.s

EXTI9_5_IRQHandler 00000020

Symbol: EXTI9_5_IRQHandler
   Definitions
      At line 302 in file ..\CMSIS_and_startup\startup_Tk499.s
   Uses
      At line 78 in file ..\CMSIS_and_startup\startup_Tk499.s
      At line 232 in file ..\CMSIS_and_startup\startup_Tk499.s

FPU_IRQHandler 00000020

Symbol: FPU_IRQHandler
   Definitions
      At line 348 in file ..\CMSIS_and_startup\startup_Tk499.s
   Uses
      At line 136 in file ..\CMSIS_and_startup\startup_Tk499.s
Comment: FPU_IRQHandler used once
HardFault_Handler 00000010

Symbol: HardFault_Handler
   Definitions
      At line 175 in file ..\CMSIS_and_startup\startup_Tk499.s
   Uses
      At line 40 in file ..\CMSIS_and_startup\startup_Tk499.s
      At line 176 in file ..\CMSIS_and_startup\startup_Tk499.s

I2C1_IRQHandler 00000020

Symbol: I2C1_IRQHandler
   Definitions
      At line 312 in file ..\CMSIS_and_startup\startup_Tk499.s
   Uses
      At line 88 in file ..\CMSIS_and_startup\startup_Tk499.s
      At line 242 in file ..\CMSIS_and_startup\startup_Tk499.s

I2C2_IRQHandler 00000020



ARM Macro Assembler    Page 6 Alphabetic symbol ordering
Relocatable symbols


Symbol: I2C2_IRQHandler
   Definitions
      At line 313 in file ..\CMSIS_and_startup\startup_Tk499.s
   Uses
      At line 89 in file ..\CMSIS_and_startup\startup_Tk499.s
      At line 243 in file ..\CMSIS_and_startup\startup_Tk499.s

I2C3_IRQHandler 00000020

Symbol: I2C3_IRQHandler
   Definitions
      At line 346 in file ..\CMSIS_and_startup\startup_Tk499.s
   Uses
      At line 127 in file ..\CMSIS_and_startup\startup_Tk499.s
      At line 276 in file ..\CMSIS_and_startup\startup_Tk499.s

I2C4_IRQHandler 00000020

Symbol: I2C4_IRQHandler
   Definitions
      At line 347 in file ..\CMSIS_and_startup\startup_Tk499.s
   Uses
      At line 128 in file ..\CMSIS_and_startup\startup_Tk499.s
      At line 277 in file ..\CMSIS_and_startup\startup_Tk499.s

I2S1_IRQHandler 00000020

Symbol: I2S1_IRQHandler
   Definitions
      At line 353 in file ..\CMSIS_and_startup\startup_Tk499.s
   Uses
      At line 145 in file ..\CMSIS_and_startup\startup_Tk499.s
      At line 282 in file ..\CMSIS_and_startup\startup_Tk499.s

LTDC_IRQHandler 00000020

Symbol: LTDC_IRQHandler
   Definitions
      At line 352 in file ..\CMSIS_and_startup\startup_Tk499.s
   Uses
      At line 143 in file ..\CMSIS_and_startup\startup_Tk499.s
      At line 281 in file ..\CMSIS_and_startup\startup_Tk499.s

MemManage_Handler 00000012

Symbol: MemManage_Handler
   Definitions
      At line 180 in file ..\CMSIS_and_startup\startup_Tk499.s
   Uses
      At line 41 in file ..\CMSIS_and_startup\startup_Tk499.s
      At line 181 in file ..\CMSIS_and_startup\startup_Tk499.s

NMI_Handler 0000000E

Symbol: NMI_Handler
   Definitions
      At line 170 in file ..\CMSIS_and_startup\startup_Tk499.s
   Uses



ARM Macro Assembler    Page 7 Alphabetic symbol ordering
Relocatable symbols

      At line 39 in file ..\CMSIS_and_startup\startup_Tk499.s
      At line 171 in file ..\CMSIS_and_startup\startup_Tk499.s

PendSV_Handler 0000001C

Symbol: PendSV_Handler
   Definitions
      At line 203 in file ..\CMSIS_and_startup\startup_Tk499.s
   Uses
      At line 51 in file ..\CMSIS_and_startup\startup_Tk499.s
      At line 204 in file ..\CMSIS_and_startup\startup_Tk499.s

QSPI_IRQHandler 00000020

Symbol: QSPI_IRQHandler
   Definitions
      At line 350 in file ..\CMSIS_and_startup\startup_Tk499.s
   Uses
      At line 142 in file ..\CMSIS_and_startup\startup_Tk499.s
      At line 280 in file ..\CMSIS_and_startup\startup_Tk499.s

RCC_IRQHandler 00000020

Symbol: RCC_IRQHandler
   Definitions
      At line 287 in file ..\CMSIS_and_startup\startup_Tk499.s
   Uses
      At line 60 in file ..\CMSIS_and_startup\startup_Tk499.s
      At line 217 in file ..\CMSIS_and_startup\startup_Tk499.s

RTCAlarm_IRQHandler 00000020

Symbol: RTCAlarm_IRQHandler
   Definitions
      At line 320 in file ..\CMSIS_and_startup\startup_Tk499.s
   Uses
      At line 96 in file ..\CMSIS_and_startup\startup_Tk499.s
      At line 250 in file ..\CMSIS_and_startup\startup_Tk499.s

RTC_IRQHandler 00000020

Symbol: RTC_IRQHandler
   Definitions
      At line 286 in file ..\CMSIS_and_startup\startup_Tk499.s
   Uses
      At line 58 in file ..\CMSIS_and_startup\startup_Tk499.s
      At line 216 in file ..\CMSIS_and_startup\startup_Tk499.s

Reset_Handler 00000000

Symbol: Reset_Handler
   Definitions
      At line 153 in file ..\CMSIS_and_startup\startup_Tk499.s
   Uses
      At line 38 in file ..\CMSIS_and_startup\startup_Tk499.s
      At line 154 in file ..\CMSIS_and_startup\startup_Tk499.s

SDIO1_IRQHandler 00000020




ARM Macro Assembler    Page 8 Alphabetic symbol ordering
Relocatable symbols

Symbol: SDIO1_IRQHandler
   Definitions
      At line 328 in file ..\CMSIS_and_startup\startup_Tk499.s
   Uses
      At line 104 in file ..\CMSIS_and_startup\startup_Tk499.s
      At line 258 in file ..\CMSIS_and_startup\startup_Tk499.s

SDIO2_IRQHandler 00000020

Symbol: SDIO2_IRQHandler
   Definitions
      At line 329 in file ..\CMSIS_and_startup\startup_Tk499.s
   Uses
      At line 105 in file ..\CMSIS_and_startup\startup_Tk499.s
      At line 259 in file ..\CMSIS_and_startup\startup_Tk499.s

SPI1_IRQHandler 00000020

Symbol: SPI1_IRQHandler
   Definitions
      At line 314 in file ..\CMSIS_and_startup\startup_Tk499.s
   Uses
      At line 90 in file ..\CMSIS_and_startup\startup_Tk499.s
      At line 244 in file ..\CMSIS_and_startup\startup_Tk499.s

SPI2_IRQHandler 00000020

Symbol: SPI2_IRQHandler
   Definitions
      At line 315 in file ..\CMSIS_and_startup\startup_Tk499.s
   Uses
      At line 91 in file ..\CMSIS_and_startup\startup_Tk499.s
      At line 245 in file ..\CMSIS_and_startup\startup_Tk499.s

SPI3_IRQHandler 00000020

Symbol: SPI3_IRQHandler
   Definitions
      At line 330 in file ..\CMSIS_and_startup\startup_Tk499.s
   Uses
      At line 106 in file ..\CMSIS_and_startup\startup_Tk499.s
      At line 260 in file ..\CMSIS_and_startup\startup_Tk499.s

SPI4_IRQHandler 00000020

Symbol: SPI4_IRQHandler
   Definitions
      At line 349 in file ..\CMSIS_and_startup\startup_Tk499.s
   Uses
      At line 139 in file ..\CMSIS_and_startup\startup_Tk499.s
      At line 279 in file ..\CMSIS_and_startup\startup_Tk499.s

SVC_Handler 00000018

Symbol: SVC_Handler
   Definitions
      At line 194 in file ..\CMSIS_and_startup\startup_Tk499.s
   Uses
      At line 48 in file ..\CMSIS_and_startup\startup_Tk499.s



ARM Macro Assembler    Page 9 Alphabetic symbol ordering
Relocatable symbols

      At line 195 in file ..\CMSIS_and_startup\startup_Tk499.s

SysTick_Handler 0000001E

Symbol: SysTick_Handler
   Definitions
      At line 207 in file ..\CMSIS_and_startup\startup_Tk499.s
   Uses
      At line 52 in file ..\CMSIS_and_startup\startup_Tk499.s
      At line 208 in file ..\CMSIS_and_startup\startup_Tk499.s

TAMPER_IRQHandler 00000020

Symbol: TAMPER_IRQHandler
   Definitions
      At line 285 in file ..\CMSIS_and_startup\startup_Tk499.s
   Uses
      At line 57 in file ..\CMSIS_and_startup\startup_Tk499.s
      At line 215 in file ..\CMSIS_and_startup\startup_Tk499.s

TIM10_IRQHandler 00000020

Symbol: TIM10_IRQHandler
   Definitions
      At line 340 in file ..\CMSIS_and_startup\startup_Tk499.s
   Uses
      At line 117 in file ..\CMSIS_and_startup\startup_Tk499.s
      At line 270 in file ..\CMSIS_and_startup\startup_Tk499.s

TIM1_BRK_IRQHandler 00000020

Symbol: TIM1_BRK_IRQHandler
   Definitions
      At line 303 in file ..\CMSIS_and_startup\startup_Tk499.s
   Uses
      At line 79 in file ..\CMSIS_and_startup\startup_Tk499.s
      At line 233 in file ..\CMSIS_and_startup\startup_Tk499.s

TIM1_CC_IRQHandler 00000020

Symbol: TIM1_CC_IRQHandler
   Definitions
      At line 306 in file ..\CMSIS_and_startup\startup_Tk499.s
   Uses
      At line 82 in file ..\CMSIS_and_startup\startup_Tk499.s
      At line 236 in file ..\CMSIS_and_startup\startup_Tk499.s

TIM1_TRG_COM_IRQHandler 00000020

Symbol: TIM1_TRG_COM_IRQHandler
   Definitions
      At line 305 in file ..\CMSIS_and_startup\startup_Tk499.s
   Uses
      At line 81 in file ..\CMSIS_and_startup\startup_Tk499.s
      At line 235 in file ..\CMSIS_and_startup\startup_Tk499.s

TIM1_UP_IRQHandler 00000020

Symbol: TIM1_UP_IRQHandler



ARM Macro Assembler    Page 10 Alphabetic symbol ordering
Relocatable symbols

   Definitions
      At line 304 in file ..\CMSIS_and_startup\startup_Tk499.s
   Uses
      At line 80 in file ..\CMSIS_and_startup\startup_Tk499.s
      At line 234 in file ..\CMSIS_and_startup\startup_Tk499.s

TIM2_BRK_IRQHandler 00000020

Symbol: TIM2_BRK_IRQHandler
   Definitions
      At line 322 in file ..\CMSIS_and_startup\startup_Tk499.s
   Uses
      At line 98 in file ..\CMSIS_and_startup\startup_Tk499.s
      At line 252 in file ..\CMSIS_and_startup\startup_Tk499.s

TIM2_CC_IRQHandler 00000020

Symbol: TIM2_CC_IRQHandler
   Definitions
      At line 325 in file ..\CMSIS_and_startup\startup_Tk499.s
   Uses
      At line 101 in file ..\CMSIS_and_startup\startup_Tk499.s
      At line 255 in file ..\CMSIS_and_startup\startup_Tk499.s

TIM2_TRG_COM_IRQHandler 00000020

Symbol: TIM2_TRG_COM_IRQHandler
   Definitions
      At line 324 in file ..\CMSIS_and_startup\startup_Tk499.s
   Uses
      At line 100 in file ..\CMSIS_and_startup\startup_Tk499.s
      At line 254 in file ..\CMSIS_and_startup\startup_Tk499.s

TIM2_UP_IRQHandler 00000020

Symbol: TIM2_UP_IRQHandler
   Definitions
      At line 323 in file ..\CMSIS_and_startup\startup_Tk499.s
   Uses
      At line 99 in file ..\CMSIS_and_startup\startup_Tk499.s
      At line 253 in file ..\CMSIS_and_startup\startup_Tk499.s

TIM3_IRQHandler 00000020

Symbol: TIM3_IRQHandler
   Definitions
      At line 307 in file ..\CMSIS_and_startup\startup_Tk499.s
   Uses
      At line 83 in file ..\CMSIS_and_startup\startup_Tk499.s
      At line 237 in file ..\CMSIS_and_startup\startup_Tk499.s

TIM4_IRQHandler 00000020

Symbol: TIM4_IRQHandler
   Definitions
      At line 308 in file ..\CMSIS_and_startup\startup_Tk499.s
   Uses
      At line 84 in file ..\CMSIS_and_startup\startup_Tk499.s
      At line 238 in file ..\CMSIS_and_startup\startup_Tk499.s



ARM Macro Assembler    Page 11 Alphabetic symbol ordering
Relocatable symbols


TIM5_IRQHandler 00000020

Symbol: TIM5_IRQHandler
   Definitions
      At line 309 in file ..\CMSIS_and_startup\startup_Tk499.s
   Uses
      At line 85 in file ..\CMSIS_and_startup\startup_Tk499.s
      At line 239 in file ..\CMSIS_and_startup\startup_Tk499.s

TIM6_IRQHandler 00000020

Symbol: TIM6_IRQHandler
   Definitions
      At line 310 in file ..\CMSIS_and_startup\startup_Tk499.s
   Uses
      At line 86 in file ..\CMSIS_and_startup\startup_Tk499.s
      At line 240 in file ..\CMSIS_and_startup\startup_Tk499.s

TIM7_IRQHandler 00000020

Symbol: TIM7_IRQHandler
   Definitions
      At line 311 in file ..\CMSIS_and_startup\startup_Tk499.s
   Uses
      At line 87 in file ..\CMSIS_and_startup\startup_Tk499.s
      At line 241 in file ..\CMSIS_and_startup\startup_Tk499.s

TIM8_IRQHandler 00000020

Symbol: TIM8_IRQHandler
   Definitions
      At line 333 in file ..\CMSIS_and_startup\startup_Tk499.s
   Uses
      At line 110 in file ..\CMSIS_and_startup\startup_Tk499.s
      At line 263 in file ..\CMSIS_and_startup\startup_Tk499.s

TIM9_IRQHandler 00000020

Symbol: TIM9_IRQHandler
   Definitions
      At line 339 in file ..\CMSIS_and_startup\startup_Tk499.s
   Uses
      At line 116 in file ..\CMSIS_and_startup\startup_Tk499.s
      At line 269 in file ..\CMSIS_and_startup\startup_Tk499.s

TK80_IRQHandler 00000020

Symbol: TK80_IRQHandler
   Definitions
      At line 327 in file ..\CMSIS_and_startup\startup_Tk499.s
   Uses
      At line 103 in file ..\CMSIS_and_startup\startup_Tk499.s
      At line 257 in file ..\CMSIS_and_startup\startup_Tk499.s

TOUCHPAD_IRQHandler 00000020

Symbol: TOUCHPAD_IRQHandler
   Definitions



ARM Macro Assembler    Page 12 Alphabetic symbol ordering
Relocatable symbols

      At line 351 in file ..\CMSIS_and_startup\startup_Tk499.s
   Uses
      At line 141 in file ..\CMSIS_and_startup\startup_Tk499.s
      At line 278 in file ..\CMSIS_and_startup\startup_Tk499.s

UART1_IRQHandler 00000020

Symbol: UART1_IRQHandler
   Definitions
      At line 316 in file ..\CMSIS_and_startup\startup_Tk499.s
   Uses
      At line 92 in file ..\CMSIS_and_startup\startup_Tk499.s
      At line 246 in file ..\CMSIS_and_startup\startup_Tk499.s

UART2_IRQHandler 00000020

Symbol: UART2_IRQHandler
   Definitions
      At line 317 in file ..\CMSIS_and_startup\startup_Tk499.s
   Uses
      At line 93 in file ..\CMSIS_and_startup\startup_Tk499.s
      At line 247 in file ..\CMSIS_and_startup\startup_Tk499.s

UART3_IRQHandler 00000020

Symbol: UART3_IRQHandler
   Definitions
      At line 318 in file ..\CMSIS_and_startup\startup_Tk499.s
   Uses
      At line 94 in file ..\CMSIS_and_startup\startup_Tk499.s
      At line 248 in file ..\CMSIS_and_startup\startup_Tk499.s

UART4_IRQHandler 00000020

Symbol: UART4_IRQHandler
   Definitions
      At line 331 in file ..\CMSIS_and_startup\startup_Tk499.s
   Uses
      At line 107 in file ..\CMSIS_and_startup\startup_Tk499.s
      At line 261 in file ..\CMSIS_and_startup\startup_Tk499.s

UART5_IRQHandler 00000020

Symbol: UART5_IRQHandler
   Definitions
      At line 332 in file ..\CMSIS_and_startup\startup_Tk499.s
   Uses
      At line 108 in file ..\CMSIS_and_startup\startup_Tk499.s
      At line 262 in file ..\CMSIS_and_startup\startup_Tk499.s

USBAwake_IRQHandler 00000020

Symbol: USBAwake_IRQHandler
   Definitions
      At line 321 in file ..\CMSIS_and_startup\startup_Tk499.s
   Uses
      At line 97 in file ..\CMSIS_and_startup\startup_Tk499.s
      At line 251 in file ..\CMSIS_and_startup\startup_Tk499.s




ARM Macro Assembler    Page 13 Alphabetic symbol ordering
Relocatable symbols

USB_IRQHandler 00000020

Symbol: USB_IRQHandler
   Definitions
      At line 342 in file ..\CMSIS_and_startup\startup_Tk499.s
   Uses
      At line 122 in file ..\CMSIS_and_startup\startup_Tk499.s
      At line 272 in file ..\CMSIS_and_startup\startup_Tk499.s

UsageFault_Handler 00000016

Symbol: UsageFault_Handler
   Definitions
      At line 190 in file ..\CMSIS_and_startup\startup_Tk499.s
   Uses
      At line 43 in file ..\CMSIS_and_startup\startup_Tk499.s
      At line 191 in file ..\CMSIS_and_startup\startup_Tk499.s

WWDG_IRQHandler 00000020

Symbol: WWDG_IRQHandler
   Definitions
      At line 284 in file ..\CMSIS_and_startup\startup_Tk499.s
   Uses
      At line 55 in file ..\CMSIS_and_startup\startup_Tk499.s
      At line 214 in file ..\CMSIS_and_startup\startup_Tk499.s

__user_initial_stackheap 00000024

Symbol: __user_initial_stackheap
   Definitions
      At line 375 in file ..\CMSIS_and_startup\startup_Tk499.s
   Uses
      At line 373 in file ..\CMSIS_and_startup\startup_Tk499.s
Comment: __user_initial_stackheap used once
83 symbols



ARM Macro Assembler    Page 1 Alphabetic symbol ordering
Absolute symbols

Heap_Size 00000000

Symbol: Heap_Size
   Definitions
      At line 20 in file ..\CMSIS_and_startup\startup_Tk499.s
   Uses
      At line 24 in file ..\CMSIS_and_startup\startup_Tk499.s
      At line 379 in file ..\CMSIS_and_startup\startup_Tk499.s

Stack_Size 00002000

Symbol: Stack_Size
   Definitions
      At line 9 in file ..\CMSIS_and_startup\startup_Tk499.s
   Uses
      At line 12 in file ..\CMSIS_and_startup\startup_Tk499.s
      At line 378 in file ..\CMSIS_and_startup\startup_Tk499.s

__Vectors_Size 000001AC

Symbol: __Vectors_Size
   Definitions
      At line 148 in file ..\CMSIS_and_startup\startup_Tk499.s
   Uses
      At line 35 in file ..\CMSIS_and_startup\startup_Tk499.s
Comment: __Vectors_Size used once
3 symbols



ARM Macro Assembler    Page 1 Alphabetic symbol ordering
External symbols

__main 00000000

Symbol: __main
   Definitions
      At line 155 in file ..\CMSIS_and_startup\startup_Tk499.s
   Uses
      At line 164 in file ..\CMSIS_and_startup\startup_Tk499.s
Comment: __main used once
__use_two_region_memory 00000000

Symbol: __use_two_region_memory
   Definitions
      At line 372 in file ..\CMSIS_and_startup\startup_Tk499.s
   Uses
      None
Comment: __use_two_region_memory unused
2 symbols
435 symbols in table
